<?xml version="1.0" encoding="UTF-8"?>
<!-- Generated by org.testng.reporters.JUnitReportReporter -->
<testsuite hostname="DESKTOP-KOUOFJN" failures="0" tests="1" name="project.phomas.LoginToPhomas" time="1753.583" errors="0" timestamp="2023-08-06T12:23:33 IST" skipped="0">
  <testcase classname="project.phomas.LoginToPhomas" name="phomasAutomation" time="1753.583"/>
</testsuite> <!-- project.phomas.LoginToPhomas -->
